0 info it worked if it ends with ok
1 verbose cli [ 'C:\\Program Files\\Nodejs\\node.exe',
1 verbose cli   'C:\\Program Files\\Nodejs\\node_modules\\npm\\bin\\npm-cli.js',
1 verbose cli   'run',
1 verbose cli   'devstart' ]
2 info using npm@3.10.10
3 info using node@v6.10.3
4 verbose run-script [ 'predevstart', 'devstart', 'postdevstart' ]
5 info lifecycle express-locallibrary-tutorial@0.0.0~predevstart: express-locallibrary-tutorial@0.0.0
6 silly lifecycle express-locallibrary-tutorial@0.0.0~predevstart: no script for predevstart, continuing
7 info lifecycle express-locallibrary-tutorial@0.0.0~devstart: express-locallibrary-tutorial@0.0.0
8 verbose lifecycle express-locallibrary-tutorial@0.0.0~devstart: unsafe-perm in lifecycle true
9 verbose lifecycle express-locallibrary-tutorial@0.0.0~devstart: PATH: C:\Program Files\Nodejs\node_modules\npm\bin\node-gyp-bin;D:\Werk\Coding\NodeLearnLibrary\express-locallibrary-tutorial\node_modules\.bin;C:\Program Files (x86)\NVIDIA Corporation\PhysX\Common;C:\ProgramData\Oracle\Java\javapath;C:\WINDOWS\system32;C:\WINDOWS;C:\WINDOWS\System32\Wbem;C:\WINDOWS\System32\WindowsPowerShell\v1.0\;C:\Program Files\Git\cmd;C:\Program Files\Nodejs\;C:\Program Files (x86)\Microsoft SQL Server\Client SDK\ODBC\130\Tools\Binn\;C:\Program Files (x86)\Microsoft SQL Server\140\Tools\Binn\;C:\Program Files (x86)\Microsoft SQL Server\140\DTS\Binn\;C:\Program Files (x86)\Microsoft SQL Server\140\Tools\Binn\ManagementStudio\;C:\Program Files (x86)\Microsoft VS Code\bin;C:\Users\Luuk\AppData\Roaming\npm;C:\adb;;C:\Program Files (x86)\Microsoft VS Code\bin;C:\Users\Luuk\AppData\Roaming\npm
10 verbose lifecycle express-locallibrary-tutorial@0.0.0~devstart: CWD: D:\Werk\Coding\NodeLearnLibrary\express-locallibrary-tutorial
11 silly lifecycle express-locallibrary-tutorial@0.0.0~devstart: Args: [ '/d /s /c', 'nodemon ./bin/www' ]
12 silly lifecycle express-locallibrary-tutorial@0.0.0~devstart: Returned: code: 3221225786  signal: null
13 info lifecycle express-locallibrary-tutorial@0.0.0~devstart: Failed to exec devstart script
14 verbose stack Error: express-locallibrary-tutorial@0.0.0 devstart: `nodemon ./bin/www`
14 verbose stack Exit status 3221225786
14 verbose stack     at EventEmitter.<anonymous> (C:\Program Files\Nodejs\node_modules\npm\lib\utils\lifecycle.js:255:16)
14 verbose stack     at emitTwo (events.js:106:13)
14 verbose stack     at EventEmitter.emit (events.js:191:7)
14 verbose stack     at ChildProcess.<anonymous> (C:\Program Files\Nodejs\node_modules\npm\lib\utils\spawn.js:40:14)
14 verbose stack     at emitTwo (events.js:106:13)
14 verbose stack     at ChildProcess.emit (events.js:191:7)
14 verbose stack     at maybeClose (internal/child_process.js:886:16)
14 verbose stack     at Process.ChildProcess._handle.onexit (internal/child_process.js:226:5)
15 verbose pkgid express-locallibrary-tutorial@0.0.0
16 verbose cwd D:\Werk\Coding\NodeLearnLibrary\express-locallibrary-tutorial
17 error Windows_NT 6.3.9600
18 error argv "C:\\Program Files\\Nodejs\\node.exe" "C:\\Program Files\\Nodejs\\node_modules\\npm\\bin\\npm-cli.js" "run" "devstart"
19 error node v6.10.3
20 error npm  v3.10.10
21 error code ELIFECYCLE
22 error express-locallibrary-tutorial@0.0.0 devstart: `nodemon ./bin/www`
22 error Exit status 3221225786
23 error Failed at the express-locallibrary-tutorial@0.0.0 devstart script 'nodemon ./bin/www'.
23 error Make sure you have the latest version of node.js and npm installed.
23 error If you do, this is most likely a problem with the express-locallibrary-tutorial package,
23 error not with npm itself.
23 error Tell the author that this fails on your system:
23 error     nodemon ./bin/www
23 error You can get information on how to open an issue for this project with:
23 error     npm bugs express-locallibrary-tutorial
23 error Or if that isn't available, you can get their info via:
23 error     npm owner ls express-locallibrary-tutorial
23 error There is likely additional logging output above.
24 verbose exit [ 1, true ]
